<?xml version="1.0" encoding="UTF-8"?>
<!-- Generated by org.testng.reporters.JUnitXMLReporter -->
<testsuite hostname="DESKTOP-P1FTGIL" ignored="0" name="Surefire test" tests="7" failures="0" timestamp="2023-04-09T11:00:27 IST" time="0.118" errors="0">
  <testcase name="testlavanaya" time="0.01" classname="com.HRA_project.ParameterTest"/>
  <testcase name="test1" time="0.002" classname="com.HRA_project.TestScript_01Test"/>
  <testcase name="test2" time="0.0" classname="com.HRA_project.TestScript_01Test"/>
  <testcase name="test3" time="0.001" classname="com.HRA_project.TestScript_01Test"/>
  <testcase name="createAgain" time="0.001" classname="com.HRA_project.TestScript_02"/>
  <testcase name="deleteAgain" time="0.001" classname="com.HRA_project.TestScript_02"/>
  <testcase name="modifyAgain" time="0.001" classname="com.HRA_project.TestScript_02"/>
</testsuite> <!-- Surefire test -->
