<?xml version="1.0" encoding="UTF-8"?>
<!-- Generated by org.testng.reporters.JUnitXMLReporter -->
<testsuite hostname="DESKTOP-P1FTGIL" ignored="0" name="Surefire test" tests="3" failures="0" timestamp="2023-04-03T09:59:39 IST" time="0.08" errors="0">
  <testcase name="test1" time="0.009" classname="com.HRA_project.TestScript_01Test"/>
  <testcase name="test2" time="0.001" classname="com.HRA_project.TestScript_01Test"/>
  <testcase name="test3" time="0.001" classname="com.HRA_project.TestScript_01Test"/>
</testsuite> <!-- Surefire test -->
