<?xml version="1.0" encoding="UTF-8"?>
<!-- Generated by org.testng.reporters.JUnitXMLReporter -->
<testsuite hostname="DESKTOP-P1FTGIL" ignored="0" name="Default test" tests="3" failures="0" timestamp="2023-04-03T10:02:22 IST" time="0.085" errors="0">
  <testcase name="test1" time="0.012" classname="com.HRA_project.TestScript_01Test"/>
  <testcase name="test2" time="0.003" classname="com.HRA_project.TestScript_01Test"/>
  <testcase name="test3" time="0.002" classname="com.HRA_project.TestScript_01Test"/>
</testsuite> <!-- Default test -->
