<?xml version="1.0" encoding="UTF-8"?>
<!-- Generated by org.testng.reporters.JUnitXMLReporter -->
<testsuite hostname="DESKTOP-P1FTGIL" ignored="3" name="Test" tests="3" failures="0" timestamp="2023-03-31T21:22:55 IST" time="0.082" errors="0">
  <testcase name="deleteAgain" time="0.012" classname="com.HRA_project.TestScript_02"/>
  <testcase name="test1" time="0.002" classname="com.HRA_project.TestScript_01Test"/>
  <testcase name="test2" time="0.002" classname="com.HRA_project.TestScript_01Test"/>
  <testcase name="createAgain" time="0.0" classname="com.HRA_project.TestScript_02">
    <ignored/>
  </testcase> <!-- createAgain -->
  <testcase name="test3" time="0.0" classname="com.HRA_project.TestScript_01Test">
    <ignored/>
  </testcase> <!-- test3 -->
  <testcase name="modifyAgain" time="0.0" classname="com.HRA_project.TestScript_02">
    <ignored/>
  </testcase> <!-- modifyAgain -->
</testsuite> <!-- Test -->
