<?xml version="1.0" encoding="UTF-8"?>
<testng-results skipped="0" failed="0" ignored="0" total="3" passed="3">
  <reporter-output>
  </reporter-output>
  <suite name="Surefire suite" duration-ms="80" started-at="2023-04-03T09:59:38 IST" finished-at="2023-04-03T09:59:39 IST">
    <groups>
      <group name="regression">
        <method signature="TestScript_01Test.test1()[pri:0, instance:com.HRA_project.TestScript_01Test@cd2dae5]" name="test1" class="com.HRA_project.TestScript_01Test"/>
        <method signature="TestScript_01Test.test2()[pri:0, instance:com.HRA_project.TestScript_01Test@cd2dae5]" name="test2" class="com.HRA_project.TestScript_01Test"/>
      </group> <!-- regression -->
      <group name="smoke">
        <method signature="TestScript_01Test.test3()[pri:0, instance:com.HRA_project.TestScript_01Test@cd2dae5]" name="test3" class="com.HRA_project.TestScript_01Test"/>
      </group> <!-- smoke -->
    </groups>
    <test name="Surefire test" duration-ms="80" started-at="2023-04-03T09:59:38 IST" finished-at="2023-04-03T09:59:39 IST">
      <class name="com.HRA_project.TestScript_01Test">
        <test-method status="PASS" signature="test1()[pri:0, instance:com.HRA_project.TestScript_01Test@cd2dae5]" name="test1" duration-ms="9" started-at="2023-04-03T09:59:39 IST" finished-at="2023-04-03T09:59:39 IST">
          <reporter-output>
          </reporter-output>
        </test-method> <!-- test1 -->
        <test-method status="PASS" signature="test2()[pri:0, instance:com.HRA_project.TestScript_01Test@cd2dae5]" name="test2" duration-ms="1" started-at="2023-04-03T09:59:39 IST" finished-at="2023-04-03T09:59:39 IST">
          <reporter-output>
          </reporter-output>
        </test-method> <!-- test2 -->
        <test-method status="PASS" signature="test3()[pri:0, instance:com.HRA_project.TestScript_01Test@cd2dae5]" name="test3" duration-ms="1" started-at="2023-04-03T09:59:39 IST" finished-at="2023-04-03T09:59:39 IST">
          <reporter-output>
          </reporter-output>
        </test-method> <!-- test3 -->
      </class> <!-- com.HRA_project.TestScript_01Test -->
    </test> <!-- Surefire test -->
  </suite> <!-- Surefire suite -->
</testng-results>
