<?xml version="1.0" encoding="UTF-8"?>
<testsuite xmlns:xsi="http://www.w3.org/2001/XMLSchema-instance" xsi:noNamespaceSchemaLocation="https://maven.apache.org/surefire/maven-surefire-plugin/xsd/surefire-test-report-3.0.xsd" version="3.0" name="com.HRA_project.ParameterTest" time="1.238" tests="1" errors="0" skipped="0" failures="0">
  <properties>
[...]
</properties>
  <testcase name="testlavanaya" classname="com.HRA_project.ParameterTest" time="0.028">
    <system-out><![CDATA[null
null
null
null
]]></system-out>
  </testcase>
</testsuite>