<?xml version="1.0" encoding="UTF-8"?>
<testng-results skipped="0" failed="0" ignored="0" total="3" passed="3">
  <reporter-output>
  </reporter-output>
  <suite name="Default suite" duration-ms="85" started-at="2023-04-03T10:02:22 IST" finished-at="2023-04-03T10:02:22 IST">
    <groups>
      <group name="regression">
        <method signature="TestScript_01Test.test1()[pri:0, instance:com.HRA_project.TestScript_01Test@fad74ee]" name="test1" class="com.HRA_project.TestScript_01Test"/>
        <method signature="TestScript_01Test.test2()[pri:0, instance:com.HRA_project.TestScript_01Test@fad74ee]" name="test2" class="com.HRA_project.TestScript_01Test"/>
      </group> <!-- regression -->
      <group name="smoke">
        <method signature="TestScript_01Test.test3()[pri:0, instance:com.HRA_project.TestScript_01Test@fad74ee]" name="test3" class="com.HRA_project.TestScript_01Test"/>
      </group> <!-- smoke -->
    </groups>
    <test name="Default test" duration-ms="85" started-at="2023-04-03T10:02:22 IST" finished-at="2023-04-03T10:02:22 IST">
      <class name="com.HRA_project.TestScript_01Test">
        <test-method status="PASS" signature="test1()[pri:0, instance:com.HRA_project.TestScript_01Test@fad74ee]" name="test1" duration-ms="12" started-at="2023-04-03T10:02:22 IST" finished-at="2023-04-03T10:02:22 IST">
          <reporter-output>
          </reporter-output>
        </test-method> <!-- test1 -->
        <test-method status="PASS" signature="test2()[pri:0, instance:com.HRA_project.TestScript_01Test@fad74ee]" name="test2" duration-ms="3" started-at="2023-04-03T10:02:22 IST" finished-at="2023-04-03T10:02:22 IST">
          <reporter-output>
          </reporter-output>
        </test-method> <!-- test2 -->
        <test-method status="PASS" signature="test3()[pri:0, instance:com.HRA_project.TestScript_01Test@fad74ee]" name="test3" duration-ms="2" started-at="2023-04-03T10:02:22 IST" finished-at="2023-04-03T10:02:22 IST">
          <reporter-output>
          </reporter-output>
        </test-method> <!-- test3 -->
      </class> <!-- com.HRA_project.TestScript_01Test -->
    </test> <!-- Default test -->
  </suite> <!-- Default suite -->
</testng-results>
